0 info it worked if it ends with ok
1 verbose cli [ '/usr/local/bin/node', '/usr/local/bin/npm', 'install' ]
2 info using npm@4.0.5
3 info using node@v7.4.0
4 silly loadCurrentTree Starting
5 silly install loadCurrentTree
6 silly install readLocalPackageData
7 silly install normalizeTree
8 silly loadCurrentTree Finishing
9 silly loadIdealTree Starting
10 silly install loadIdealTree
11 silly cloneCurrentTree Starting
12 silly install cloneCurrentTreeToIdealTree
13 silly cloneCurrentTree Finishing
14 silly loadShrinkwrap Starting
15 silly install loadShrinkwrap
16 silly loadShrinkwrap Finishing
17 silly loadAllDepsIntoIdealTree Starting
18 silly install loadAllDepsIntoIdealTree
19 silly fetchOtherPackageData jquery-ui@file://node_modules/jquery-ui
20 silly cache add args [ 'jquery-ui@file://node_modules/jquery-ui', null ]
21 verbose cache add spec jquery-ui@file://node_modules/jquery-ui
22 silly cache add parsed spec Result {
22 silly cache add   raw: 'jquery-ui@file://node_modules/jquery-ui',
22 silly cache add   scope: null,
22 silly cache add   escapedName: 'jquery-ui',
22 silly cache add   name: 'jquery-ui',
22 silly cache add   rawSpec: 'file://node_modules/jquery-ui',
22 silly cache add   spec: '/jquery-ui',
22 silly cache add   type: 'local' }
23 error addLocal Could not install /jquery-ui
24 silly fetchPackageMetaData Error: ENOENT: no such file or directory, open '/jquery-ui'
24 silly fetchPackageMetaData  error for jquery-ui@file://node_modules/jquery-ui { Error: ENOENT: no such file or directory, open '/jquery-ui' errno: -2, code: 'ENOENT', syscall: 'open', path: '/jquery-ui' }
25 silly rollbackFailedOptional Starting
26 silly rollbackFailedOptional Finishing
27 silly runTopLevelLifecycles Finishing
28 silly install printInstalled
29 verbose stack Error: ENOENT: no such file or directory, open '/jquery-ui'
30 verbose cwd /Users/kalgi/Calculator
31 error Darwin 16.3.0
32 error argv "/usr/local/bin/node" "/usr/local/bin/npm" "install"
33 error node v7.4.0
34 error npm  v4.0.5
35 error path /jquery-ui
36 error code ENOENT
37 error errno -2
38 error syscall open
39 error enoent ENOENT: no such file or directory, open '/jquery-ui'
40 error enoent ENOENT: no such file or directory, open '/jquery-ui'
40 error enoent This is most likely not a problem with npm itself
40 error enoent and is related to npm not being able to find a file.
41 verbose exit [ -2, true ]
